2025-07-15 19:59:28,500 - INFO - Database initialized at output/live_predictions.db
2025-07-15 19:59:28,553 - INFO - Model loaded successfully
2025-07-15 19:59:28,682 - INFO - Test data loaded: 11139 records
2025-07-15 19:59:36,201 - INFO - Starting live simulation with 1.0s delay...
2025-07-15 19:59:36,219 - ERROR - Error processing record: 'day'
2025-07-15 19:59:37,220 - ERROR - Error processing record: 'day'
2025-07-15 19:59:38,221 - ERROR - Error processing record: 'day'
2025-07-15 19:59:39,222 - ERROR - Error processing record: 'day'
2025-07-15 19:59:40,223 - ERROR - Error processing record: 'day'
2025-07-15 19:59:41,232 - ERROR - Error processing record: 'day'
2025-07-15 19:59:42,233 - ERROR - Error processing record: 'day'
2025-07-15 19:59:43,234 - ERROR - Error processing record: 'day'
2025-07-15 19:59:44,235 - ERROR - Error processing record: 'day'
2025-07-15 19:59:45,236 - ERROR - Error processing record: 'day'
2025-07-15 19:59:46,237 - ERROR - Error processing record: 'day'
2025-07-15 19:59:47,238 - ERROR - Error processing record: 'day'
2025-07-15 19:59:48,239 - ERROR - Error processing record: 'day'
2025-07-15 19:59:49,240 - ERROR - Error processing record: 'day'
2025-07-15 19:59:50,241 - ERROR - Error processing record: 'day'
2025-07-15 19:59:51,242 - ERROR - Error processing record: 'day'
2025-07-15 19:59:52,243 - ERROR - Error processing record: 'day'
2025-07-15 19:59:53,244 - ERROR - Error processing record: 'day'
2025-07-15 19:59:54,245 - ERROR - Error processing record: 'day'
2025-07-15 19:59:55,246 - ERROR - Error processing record: 'day'
2025-07-15 19:59:56,247 - ERROR - Error processing record: 'day'
2025-07-15 19:59:57,248 - ERROR - Error processing record: 'day'
2025-07-15 19:59:58,249 - ERROR - Error processing record: 'day'
2025-07-15 19:59:59,250 - ERROR - Error processing record: 'day'
2025-07-15 20:00:00,251 - ERROR - Error processing record: 'day'
2025-07-15 20:00:01,252 - ERROR - Error processing record: 'day'
2025-07-15 20:00:02,253 - ERROR - Error processing record: 'day'
2025-07-15 20:00:03,254 - ERROR - Error processing record: 'day'
2025-07-15 20:00:04,255 - ERROR - Error processing record: 'day'
2025-07-15 20:00:05,256 - ERROR - Error processing record: 'day'
2025-07-15 20:00:06,257 - ERROR - Error processing record: 'day'
2025-07-15 20:00:07,258 - ERROR - Error processing record: 'day'
2025-07-15 20:00:08,259 - ERROR - Error processing record: 'day'
2025-07-15 20:00:09,260 - ERROR - Error processing record: 'day'
2025-07-15 20:00:10,260 - ERROR - Error processing record: 'day'
2025-07-15 20:00:11,261 - ERROR - Error processing record: 'day'
2025-07-15 20:00:12,262 - ERROR - Error processing record: 'day'
2025-07-15 20:00:13,263 - ERROR - Error processing record: 'day'
2025-07-15 20:00:14,264 - ERROR - Error processing record: 'day'
2025-07-15 20:00:15,265 - ERROR - Error processing record: 'day'
2025-07-15 20:00:16,266 - ERROR - Error processing record: 'day'
2025-07-15 20:00:17,267 - ERROR - Error processing record: 'day'
2025-07-15 20:00:18,267 - ERROR - Error processing record: 'day'
2025-07-15 20:00:19,268 - ERROR - Error processing record: 'day'
2025-07-15 20:00:20,269 - INFO - Simulation stopped by user
2025-07-15 20:00:20,292 - INFO - Results exported to output/live_simulation_results.csv
2025-07-15 20:06:00,581 - INFO - Database initialized at output/live_predictions.db
2025-07-15 20:06:00,619 - INFO - Model loaded successfully
2025-07-15 20:06:00,851 - INFO - Test data loaded: 11139 records
2025-07-15 20:06:06,976 - INFO - Starting live simulation with 0.1s delay...
2025-07-15 20:13:27,754 - INFO - Simulation stopped by user
2025-07-15 20:13:27,798 - INFO - Results exported to output/live_simulation_results.csv
2025-07-17 10:24:03,638 - INFO - Database initialized at output/live_predictions.db
2025-07-17 10:24:03,693 - INFO - Model loaded successfully
2025-07-17 10:24:03,941 - INFO - Test data loaded: 11139 records
2025-07-17 10:24:03,942 - INFO - Starting live simulation with 0.5s delay...
2025-07-17 10:24:29,573 - INFO - Simulation completed successfully
2025-07-17 10:31:23,413 - INFO - Database initialized at C:\Users\shubh\OneDrive\Desktop\QML\output\live_predictions.db
2025-07-17 10:31:23,459 - INFO - Model loaded successfully
2025-07-17 10:31:23,671 - INFO - Test data loaded: 11139 records
2025-07-17 10:31:23,673 - INFO - Starting live simulation with 0.5s delay...
2025-07-17 10:31:49,406 - INFO - Simulation completed successfully
2025-07-17 10:34:25,905 - INFO - Database initialized at C:\Users\shubh\OneDrive\Desktop\QML\output\live_predictions.db
2025-07-17 10:34:25,941 - INFO - Model loaded successfully
2025-07-17 10:34:26,173 - INFO - Test data loaded: 11139 records
2025-07-17 10:34:26,174 - INFO - Starting live simulation with 0.5s delay...
2025-07-17 10:34:51,869 - INFO - Simulation completed successfully
2025-07-17 10:35:58,539 - INFO - Database initialized at C:\Users\shubh\OneDrive\Desktop\QML\output\live_predictions.db
2025-07-17 10:35:58,824 - INFO - Model loaded successfully
2025-07-17 10:35:59,059 - INFO - Test data loaded: 11139 records
2025-07-17 10:35:59,060 - INFO - Starting live simulation with 0.5s delay...
2025-07-17 10:35:59,060 - ERROR - Error processing record: 'LGBMRegressor' object has no attribute 'predict_one'
2025-07-17 10:35:59,562 - ERROR - Error processing record: 'LGBMRegressor' object has no attribute 'predict_one'
2025-07-17 10:36:00,062 - ERROR - Error processing record: 'LGBMRegressor' object has no attribute 'predict_one'
2025-07-17 10:36:00,564 - ERROR - Error processing record: 'LGBMRegressor' object has no attribute 'predict_one'
2025-07-17 10:36:01,065 - ERROR - Error processing record: 'LGBMRegressor' object has no attribute 'predict_one'
2025-07-17 10:36:01,566 - ERROR - Error processing record: 'LGBMRegressor' object has no attribute 'predict_one'
2025-07-17 10:36:02,066 - ERROR - Error processing record: 'LGBMRegressor' object has no attribute 'predict_one'
2025-07-17 10:36:02,568 - ERROR - Error processing record: 'LGBMRegressor' object has no attribute 'predict_one'
2025-07-17 10:36:03,069 - ERROR - Error processing record: 'LGBMRegressor' object has no attribute 'predict_one'
2025-07-17 10:36:03,571 - ERROR - Error processing record: 'LGBMRegressor' object has no attribute 'predict_one'
2025-07-17 10:36:04,072 - ERROR - Error processing record: 'LGBMRegressor' object has no attribute 'predict_one'
2025-07-17 10:36:04,573 - ERROR - Error processing record: 'LGBMRegressor' object has no attribute 'predict_one'
2025-07-17 10:36:05,074 - ERROR - Error processing record: 'LGBMRegressor' object has no attribute 'predict_one'
2025-07-17 10:36:05,578 - ERROR - Error processing record: 'LGBMRegressor' object has no attribute 'predict_one'
2025-07-17 10:36:05,583 - INFO - Simulation stopped by user
2025-07-17 10:38:34,122 - INFO - Database initialized at C:\Users\shubh\OneDrive\Desktop\QML\output\live_predictions.db
2025-07-17 10:38:34,139 - INFO - Model loaded successfully
2025-07-17 10:38:34,375 - INFO - Test data loaded: 11139 records
2025-07-17 10:38:34,377 - INFO - Starting live simulation with 0.5s delay...
2025-07-17 10:38:34,377 - ERROR - Error processing record: 'LGBMRegressor' object has no attribute 'predict_one'
2025-07-17 10:38:34,878 - ERROR - Error processing record: 'LGBMRegressor' object has no attribute 'predict_one'
2025-07-17 10:38:35,379 - ERROR - Error processing record: 'LGBMRegressor' object has no attribute 'predict_one'
2025-07-17 10:38:35,880 - ERROR - Error processing record: 'LGBMRegressor' object has no attribute 'predict_one'
2025-07-17 10:38:36,381 - ERROR - Error processing record: 'LGBMRegressor' object has no attribute 'predict_one'
2025-07-17 10:38:36,543 - INFO - Simulation stopped by user
